[2026-02-23T10:58:59.667Z] POST /api/fitness
[2026-02-23T11:00:29.141Z] POST /api/auth/login
[2026-02-23T11:09:38.839Z] GET /api/admin/dashboard?sports=
[2026-02-23T11:09:39.245Z] GET /api/admin/dashboard?sports=
[2026-02-23T11:09:49.284Z] GET /api/admin/athletes?sports=
[2026-02-23T11:09:49.340Z] GET /api/admin/athletes?sports=
[2026-02-23T11:09:55.419Z] GET /api/admin/athletes?sports=
[2026-02-23T11:09:55.473Z] GET /api/admin/athletes?sports=
[2026-02-23T11:09:57.545Z] GET /api/admin/athletes?sports=
[2026-02-23T11:09:57.591Z] GET /api/admin/athletes?sports=
[2026-02-23T11:09:58.149Z] GET /api/admin/dashboard?sports=
[2026-02-23T11:09:58.275Z] GET /api/admin/dashboard?sports=
[2026-02-23T11:10:19.056Z] POST /api/auth/login
[2026-02-23T11:10:19.353Z] GET /api/admin/dashboard?sports=Athletics
[2026-02-23T11:10:19.480Z] GET /api/admin/dashboard?sports=Athletics
[2026-02-23T11:10:21.921Z] GET /api/admin/athletes?sports=Athletics
[2026-02-23T11:10:21.967Z] GET /api/admin/athletes?sports=Athletics
[2026-02-23T11:10:28.378Z] GET /api/admin/dashboard?sports=Athletics
[2026-02-23T11:10:28.504Z] GET /api/admin/dashboard?sports=Athletics
[2026-02-23T11:14:21.785Z] GET /api/admin/dashboard?sports=Athletics
[2026-02-23T11:14:22.177Z] GET /api/admin/dashboard?sports=Athletics
[2026-02-23T11:14:27.549Z] GET /api/admin/athletes?sports=Athletics
[2026-02-23T11:14:27.597Z] GET /api/admin/athletes?sports=Athletics
[2026-02-23T11:14:31.865Z] GET /api/admin/dashboard?sports=Athletics
[2026-02-23T11:14:32.011Z] GET /api/admin/dashboard?sports=Athletics
[2026-02-23T11:14:40.998Z] GET /api/admin/athletes?sports=Athletics
[2026-02-23T11:14:41.044Z] GET /api/admin/athletes?sports=Athletics
[2026-02-23T11:14:45.020Z] GET /api/admin/athletes?sports=Athletics
[2026-02-23T11:14:45.066Z] GET /api/admin/athletes?sports=Athletics
[2026-02-23T11:14:47.068Z] GET /api/admin/athletes?sports=Athletics
[2026-02-23T11:14:47.128Z] GET /api/admin/athletes?sports=Athletics
[2026-02-23T11:14:48.799Z] GET /api/admin/athletes?sports=Athletics
[2026-02-23T11:14:48.853Z] GET /api/admin/athletes?sports=Athletics
[2026-02-23T11:14:50.114Z] GET /api/admin/dashboard?sports=Athletics
[2026-02-23T11:14:50.247Z] GET /api/admin/dashboard?sports=Athletics
[2026-02-23T11:18:02.546Z] GET /api/admin/dashboard?sports=Athletics
[2026-02-23T11:18:02.693Z] GET /api/admin/dashboard?sports=Athletics
[2026-02-23T11:18:08.695Z] GET /api/admin/dashboard?sports=Athletics
[2026-02-23T11:18:08.846Z] GET /api/admin/dashboard?sports=Athletics
[2026-02-23T11:18:10.941Z] GET /api/admin/athletes?sports=Athletics
[2026-02-23T11:18:10.989Z] GET /api/admin/athletes?sports=Athletics
[2026-02-23T11:18:18.847Z] GET /api/admin/athletes?sports=Athletics
[2026-02-23T11:18:19.106Z] GET /api/admin/athletes?sports=Athletics
[2026-02-23T11:19:03.241Z] GET /api/admin/submissions?status=pending&sports=Athletics
[2026-02-23T11:19:03.395Z] GET /api/admin/submissions?status=pending&sports=Athletics
[2026-02-23T11:19:25.429Z] GET /api/admin/submissions?status=pending&sports=Athletics
[2026-02-23T11:19:25.740Z] GET /api/admin/submissions?status=pending&sports=Athletics
[2026-02-23T11:19:34.559Z] GET /api/admin/submissions?status=pending&sports=Athletics
[2026-02-23T11:19:34.709Z] GET /api/admin/submissions?status=pending&sports=Athletics
[2026-02-23T11:19:37.458Z] GET /api/admin/submissions?status=pending&sports=Athletics
[2026-02-23T11:19:37.595Z] GET /api/admin/submissions?status=pending&sports=Athletics
[2026-02-23T11:19:50.788Z] GET /api/admin/submissions?status=pending&sports=Athletics
[2026-02-23T11:19:50.928Z] GET /api/admin/submissions?status=pending&sports=Athletics
[2026-02-23T11:24:51.809Z] GET /api/admin/submissions?status=pending&sports=Athletics
[2026-02-23T11:24:51.936Z] GET /api/admin/submissions?status=pending&sports=Athletics
[2026-02-23T11:24:57.142Z] GET /api/admin/athletes?sports=Athletics
[2026-02-23T11:24:57.277Z] GET /api/admin/athletes?sports=Athletics
[2026-02-23T11:24:58.733Z] GET /api/admin/submissions?status=pending&sports=Athletics
[2026-02-23T11:24:58.869Z] GET /api/admin/submissions?status=pending&sports=Athletics
[2026-02-23T11:25:00.365Z] GET /api/admin/submissions?status=pending&sports=Athletics
[2026-02-23T11:25:00.493Z] GET /api/admin/submissions?status=pending&sports=Athletics
[2026-02-23T11:34:36.044Z] POST /api/auth/login
[2026-02-23T11:40:49.859Z] POST /api/fitness
